2025-06-20 10:29:53,803 [INFO] Activator:176 - 


2025-06-20 10:29:53,813 [INFO] Activator:177 - !SESSION log4j initialized
2025-06-20 10:30:00,870 [INFO] LogOutputStream:77 - [STDOUT_REDIRECT] 
2025-06-20 10:30:02,696 [ERROR] LogOutputStream:75 - [STDERR_REDIRECT] 
2025-06-20 10:30:05,794 [INFO] LogOutputStream:77 - [STDOUT_REDIRECT] 
2025-06-20 10:30:09,086 [INFO] ApplicationProperties:184 - Using Application install path: /Applications/STM32CubeIDE.app/Contents/Eclipse/plugins/com.st.stm32cube.common.mx_6.14.0.202502271554
2025-06-20 10:30:09,107 [INFO] DbMcusXml:78 - Set database path to: /Applications/STM32CubeIDE.app/Contents/Eclipse/plugins/com.st.stm32cube.common.mx_6.14.0.202502271554//db//mcu/
2025-06-20 10:30:09,108 [INFO] ApiDb:274 - Set plugin database path to: /Applications/STM32CubeIDE.app/Contents/Eclipse/plugins/com.st.stm32cube.common.mx_6.14.0.202502271554//db//plugins/boardmanager/
2025-06-20 10:30:09,109 [WARN] ApiDb:259 - Overriding images path with different value:  => /Applications/STM32CubeIDE.app/Contents/Eclipse/plugins/com.st.stm32cube.common.mx_6.14.0.202502271554//db//plugins/mcufinder/images/
2025-06-20 10:30:09,119 [INFO] ApiDb:250 - Set database path to: /Users/harishankar/.stmcufinder/plugins/mcufinder//mcu/
2025-06-20 10:30:09,120 [INFO] DbMcusAds:125 - Set database path to: /Users/harishankar/.stmcufinder/plugins/mcufinder//mcu/
2025-06-20 10:30:09,122 [INFO] CrossReferenceDbSqlite:203 - Set database path to: /Users/harishankar/.stmcufinder/plugins/mcufinder//mcu/cs/
2025-06-20 10:30:09,403 [INFO] RulesReader:64 - Compatibility file has been processed (301 Rules)
2025-06-20 10:30:09,540 [INFO] DbMcusXml:78 - Set database path to: /Applications/STM32CubeIDE.app/Contents/Eclipse/plugins/com.st.stm32cube.common.mx_6.14.0.202502271554//db//mcu/
2025-06-20 10:30:09,540 [INFO] ApiDb:274 - Set plugin database path to: /Applications/STM32CubeIDE.app/Contents/Eclipse/plugins/com.st.stm32cube.common.mx_6.14.0.202502271554//db//plugins/boardmanager/
2025-06-20 10:30:09,540 [INFO] ApiDb:261 - Set plugin images path to: /Applications/STM32CubeIDE.app/Contents/Eclipse/plugins/com.st.stm32cube.common.mx_6.14.0.202502271554//db//plugins/mcufinder/images/
2025-06-20 10:30:09,541 [WARN] DbFile:41 - Overriding database path with different value: /Users/harishankar/.stmcufinder/plugins/mcufinder/ => /Users/harishankar/.stmcufinder/plugins/mcufinder
2025-06-20 10:30:09,542 [INFO] ApiDb:250 - Set database path to: /Users/harishankar/.stmcufinder/plugins/mcufinder//mcu/
2025-06-20 10:30:09,542 [WARN] DbFile:41 - Overriding database path with different value: /Users/harishankar/.stmcufinder/plugins/mcufinder/ => /Users/harishankar/.stmcufinder/plugins/mcufinder
2025-06-20 10:30:09,542 [INFO] DbMcusAds:125 - Set database path to: /Users/harishankar/.stmcufinder/plugins/mcufinder//mcu/
2025-06-20 10:30:09,542 [WARN] DbFile:41 - Overriding database path with different value: /Users/harishankar/.stmcufinder/plugins/mcufinder/ => /Users/harishankar/.stmcufinder/plugins/mcufinder
2025-06-20 10:30:09,542 [WARN] DbFile:41 - Overriding database path with different value: /Users/harishankar/.stmcufinder/plugins/mcufinder/ => /Users/harishankar/.stmcufinder/plugins/mcufinder
2025-06-20 10:30:09,542 [INFO] CrossReferenceDbSqlite:203 - Set database path to: /Users/harishankar/.stmcufinder/plugins/mcufinder//mcu/cs/
2025-06-20 10:30:09,648 [INFO] MainPanel:272 - HeapMemory: 268435456
2025-06-20 10:30:10,355 [INFO] DbMcusXml:78 - Set database path to: /Applications/STM32CubeIDE.app/Contents/Eclipse/plugins/com.st.stm32cube.common.mx_6.14.0.202502271554//db//mcu/
2025-06-20 10:30:10,356 [INFO] ApiDb:274 - Set plugin database path to: /Applications/STM32CubeIDE.app/Contents/Eclipse/plugins/com.st.stm32cube.common.mx_6.14.0.202502271554//db//plugins/boardmanager/
2025-06-20 10:30:10,356 [INFO] ApiDb:261 - Set plugin images path to: /Applications/STM32CubeIDE.app/Contents/Eclipse/plugins/com.st.stm32cube.common.mx_6.14.0.202502271554//db//plugins/mcufinder/images/
2025-06-20 10:30:10,357 [WARN] DbFile:41 - Overriding database path with different value: /Users/harishankar/.stmcufinder/plugins/mcufinder/ => /Users/harishankar/.stmcufinder/plugins/mcufinder
2025-06-20 10:30:10,357 [INFO] ApiDb:250 - Set database path to: /Users/harishankar/.stmcufinder/plugins/mcufinder//mcu/
2025-06-20 10:30:10,357 [WARN] DbFile:41 - Overriding database path with different value: /Users/harishankar/.stmcufinder/plugins/mcufinder/ => /Users/harishankar/.stmcufinder/plugins/mcufinder
2025-06-20 10:30:10,357 [INFO] DbMcusAds:125 - Set database path to: /Users/harishankar/.stmcufinder/plugins/mcufinder//mcu/
2025-06-20 10:30:10,357 [WARN] DbFile:41 - Overriding database path with different value: /Users/harishankar/.stmcufinder/plugins/mcufinder/ => /Users/harishankar/.stmcufinder/plugins/mcufinder
2025-06-20 10:30:10,357 [WARN] DbFile:41 - Overriding database path with different value: /Users/harishankar/.stmcufinder/plugins/mcufinder/ => /Users/harishankar/.stmcufinder/plugins/mcufinder
2025-06-20 10:30:10,357 [INFO] CrossReferenceDbSqlite:203 - Set database path to: /Users/harishankar/.stmcufinder/plugins/mcufinder//mcu/cs/
2025-06-20 10:30:10,386 [INFO] ApplicationProperties:184 - Using Application install path: /Applications/STM32CubeIDE.app/Contents/Eclipse/plugins/com.st.stm32cube.common.mx_6.14.0.202502271554
2025-06-20 10:30:10,388 [INFO] PluginManage:196 - Search for loadable plugins [exclusion list=, ]
2025-06-20 10:30:10,391 [INFO] PluginManage:310 - Check plugin analytics
2025-06-20 10:30:10,681 [INFO] AnalyticsPlugin:253 - Accepted Software Licenses: 
2025-06-20 10:30:10,681 [INFO] AnalyticsPlugin:255 - Accepted CMSIS Pack Licenses: 
2025-06-20 10:30:10,681 [INFO] AnalyticsPlugin:257 - Accepted Firmware Licenses: FW.L4.1.18.0,FW.F4.1.28.0
2025-06-20 10:30:10,689 [INFO] PluginManage:359 - Loaded plugin analytics (category:tool,tabindex:-1)
2025-06-20 10:30:10,691 [INFO] PluginManage:310 - Check plugin cadmodel
2025-06-20 10:30:10,716 [INFO] CADModel:105 - Init CAD model plugin
2025-06-20 10:30:10,717 [INFO] PluginManage:359 - Loaded plugin cadmodel (category:power,tabindex:5)
2025-06-20 10:30:10,718 [INFO] PluginManage:310 - Check plugin clock
2025-06-20 10:30:10,733 [INFO] PluginManage:359 - Loaded plugin clock (category:base,tabindex:2)
2025-06-20 10:30:10,733 [INFO] PluginManage:310 - Check plugin ddr
2025-06-20 10:30:10,736 [INFO] PluginManage:359 - Loaded plugin ddr (category:tool,tabindex:6)
2025-06-20 10:30:10,736 [INFO] PluginManage:310 - Check plugin filemanager
2025-06-20 10:30:10,986 [INFO] PluginManage:359 - Loaded plugin filemanager (category:base,tabindex:10)
2025-06-20 10:30:10,987 [INFO] PluginManage:310 - Check plugin ipmanager
2025-06-20 10:30:10,997 [INFO] PluginManage:359 - Loaded plugin ipmanager (category:base,tabindex:5)
2025-06-20 10:30:10,998 [INFO] PluginManage:310 - Check plugin lpbam
2025-06-20 10:30:11,010 [INFO] PluginManage:359 - Loaded plugin lpbam (category:base,tabindex:0)
2025-06-20 10:30:11,010 [INFO] PluginManage:310 - Check plugin memorymap
2025-06-20 10:30:11,026 [INFO] PluginManage:359 - Loaded plugin memorymap (category:base,tabindex:4)
2025-06-20 10:30:11,026 [INFO] PluginManage:310 - Check plugin pinoutandconfiguration
2025-06-20 10:30:11,038 [INFO] PluginManage:359 - Loaded plugin pinoutandconfiguration (category:base,tabindex:1)
2025-06-20 10:30:11,039 [INFO] PluginManage:310 - Check plugin pinoutconfig
2025-06-20 10:30:11,192 [WARN] SupportedApi:132 - Cannot load RTOS API schema: s4s-elt-must-match.1: The content of 'definitions' must match (annotation?, (simpleType | complexType)?, (unique | key | keyref)*)). A problem was found starting at: attribute.
2025-06-20 10:30:11,412 [INFO] PluginManage:359 - Loaded plugin pinoutconfig (category:base,tabindex:0)
2025-06-20 10:30:11,413 [INFO] PluginManage:310 - Check plugin power
2025-06-20 10:30:11,431 [INFO] PluginManage:359 - Loaded plugin power (category:power,tabindex:4)
2025-06-20 10:30:11,431 [INFO] PluginManage:310 - Check plugin projectmanager
2025-06-20 10:30:11,475 [INFO] PluginManage:359 - Loaded plugin projectmanager (category:projectmanager,tabindex:4)
2025-06-20 10:30:11,475 [INFO] PluginManage:310 - Check plugin rif
2025-06-20 10:30:11,487 [INFO] PluginManage:359 - Loaded plugin rif (category:base,tabindex:3)
2025-06-20 10:30:11,488 [INFO] PluginManage:310 - Check plugin thirdparty
2025-06-20 10:30:11,772 [INFO] PluginManage:359 - Loaded plugin thirdparty (category:base,tabindex:-1)
2025-06-20 10:30:11,774 [INFO] PluginManage:310 - Check plugin tools
2025-06-20 10:30:11,772 [WARN] IntegrityCheckThread:84 - waiting for thirdparty lock release [integrity check]
2025-06-20 10:30:11,774 [INFO] IntegrityCheckThread:86 - entering critical section [integrity check]
2025-06-20 10:30:11,774 [INFO] ThirdPartyUpdaterWithRetryManager:70 - Updater plugin not ready yet. [1/15]
2025-06-20 10:30:11,777 [INFO] PluginManage:359 - Loaded plugin tools (category:base,tabindex:7)
2025-06-20 10:30:11,777 [INFO] PluginManage:310 - Check plugin tutovideos
2025-06-20 10:30:12,058 [INFO] PluginManage:359 - Loaded plugin tutovideos (category:base,tabindex:-1)
2025-06-20 10:30:12,059 [INFO] PluginManage:310 - Check plugin updater
2025-06-20 10:30:12,111 [INFO] PluginManage:359 - Loaded plugin updater (category:base,tabindex:12)
2025-06-20 10:30:12,111 [INFO] PluginManage:310 - Check plugin userauth
2025-06-20 10:30:12,118 [INFO] UserAuth:118 - Init User Auth plugin
2025-06-20 10:30:12,120 [INFO] PluginManage:359 - Loaded plugin userauth (category:base,tabindex:14)
2025-06-20 10:30:12,121 [INFO] PluginManage:283 - PluginManage : Loaded plugins [18]
2025-06-20 10:30:12,477 [INFO] PinOutPanel:1589 - setPackage(No Configuration,No Configuration)
2025-06-20 10:30:12,586 [INFO] CADModel:165 - CPN selected for project level
2025-06-20 10:30:12,586 [INFO] CADModel:114 - Register for checkConnection events
2025-06-20 10:30:12,602 [INFO] IPUIPlugin:80 - create IPUIPlugin
2025-06-20 10:30:12,603 [INFO] PluginManager:220 - loadIPPluginJar : add mdma
2025-06-20 10:30:12,611 [INFO] IPUIPlugin:80 - create IPUIPlugin
2025-06-20 10:30:12,612 [INFO] PluginManager:220 - loadIPPluginJar : add freertos
2025-06-20 10:30:12,618 [INFO] IPUIPlugin:80 - create IPUIPlugin
2025-06-20 10:30:12,618 [INFO] PluginManager:220 - loadIPPluginJar : add gic
2025-06-20 10:30:12,630 [INFO] IPUIPlugin:80 - create IPUIPlugin
2025-06-20 10:30:12,630 [INFO] PluginManager:220 - loadIPPluginJar : add adc
2025-06-20 10:30:12,633 [INFO] IPUIPlugin:80 - create IPUIPlugin
2025-06-20 10:30:12,633 [INFO] PluginManager:220 - loadIPPluginJar : add gtzc
2025-06-20 10:30:12,634 [INFO] IPUIPlugin:80 - create IPUIPlugin
2025-06-20 10:30:12,634 [INFO] PluginManager:220 - loadIPPluginJar : add quadspi
2025-06-20 10:30:12,636 [INFO] IPUIPlugin:80 - create IPUIPlugin
2025-06-20 10:30:12,636 [INFO] PluginManager:220 - loadIPPluginJar : add aes
2025-06-20 10:30:12,638 [INFO] IPUIPlugin:80 - create IPUIPlugin
2025-06-20 10:30:12,638 [INFO] PluginManager:220 - loadIPPluginJar : add pdm2pcm
2025-06-20 10:30:12,640 [INFO] IPUIPlugin:80 - create IPUIPlugin
2025-06-20 10:30:12,640 [INFO] PluginManager:220 - loadIPPluginJar : add hash
2025-06-20 10:30:12,642 [INFO] IPUIPlugin:80 - create IPUIPlugin
2025-06-20 10:30:12,642 [INFO] PluginManager:220 - loadIPPluginJar : add tim
2025-06-20 10:30:12,644 [INFO] IPUIPlugin:80 - create IPUIPlugin
2025-06-20 10:30:12,644 [INFO] PluginManager:220 - loadIPPluginJar : add tsc
2025-06-20 10:30:12,646 [INFO] IPUIPlugin:80 - create IPUIPlugin
2025-06-20 10:30:12,646 [INFO] PluginManager:220 - loadIPPluginJar : add extmemmanager
2025-06-20 10:30:12,648 [INFO] IPUIPlugin:80 - create IPUIPlugin
2025-06-20 10:30:12,649 [INFO] PluginManager:220 - loadIPPluginJar : add ts
2025-06-20 10:30:12,650 [INFO] IPUIPlugin:80 - create IPUIPlugin
2025-06-20 10:30:12,650 [INFO] PluginManager:220 - loadIPPluginJar : add radio
2025-06-20 10:30:12,652 [INFO] IPUIPlugin:80 - create IPUIPlugin
2025-06-20 10:30:12,652 [INFO] PluginManager:220 - loadIPPluginJar : add can
2025-06-20 10:30:12,654 [INFO] IPUIPlugin:80 - create IPUIPlugin
2025-06-20 10:30:12,654 [INFO] PluginManager:220 - loadIPPluginJar : add dma3
2025-06-20 10:30:12,656 [INFO] IPUIPlugin:80 - create IPUIPlugin
2025-06-20 10:30:12,656 [INFO] PluginManager:220 - loadIPPluginJar : add dfsdm
2025-06-20 10:30:12,657 [INFO] IPUIPlugin:80 - create IPUIPlugin
2025-06-20 10:30:12,658 [INFO] PluginManager:220 - loadIPPluginJar : add spi
2025-06-20 10:30:12,659 [INFO] IPUIPlugin:80 - create IPUIPlugin
2025-06-20 10:30:12,660 [INFO] PluginManager:220 - loadIPPluginJar : add gfxmmu
2025-06-20 10:30:12,662 [INFO] IPUIPlugin:80 - create IPUIPlugin
2025-06-20 10:30:12,662 [INFO] PluginManager:220 - loadIPPluginJar : add genericplugin
2025-06-20 10:30:12,664 [INFO] IPUIPlugin:80 - create IPUIPlugin
2025-06-20 10:30:12,664 [INFO] PluginManager:220 - loadIPPluginJar : add cryp
2025-06-20 10:30:12,668 [INFO] IPUIPlugin:80 - create IPUIPlugin
2025-06-20 10:30:12,669 [INFO] PluginManager:220 - loadIPPluginJar : add gpio
2025-06-20 10:30:12,672 [INFO] IPUIPlugin:80 - create IPUIPlugin
2025-06-20 10:30:12,672 [INFO] PluginManager:220 - loadIPPluginJar : add ddr_ctrl_phy
2025-06-20 10:30:12,674 [INFO] IPUIPlugin:80 - create IPUIPlugin
2025-06-20 10:30:12,674 [INFO] PluginManager:220 - loadIPPluginJar : add comp
2025-06-20 10:30:12,677 [INFO] IPUIPlugin:80 - create IPUIPlugin
2025-06-20 10:30:12,678 [INFO] PluginManager:220 - loadIPPluginJar : add tracer_emb
2025-06-20 10:30:12,681 [INFO] IPUIPlugin:80 - create IPUIPlugin
2025-06-20 10:30:12,681 [INFO] PluginManager:220 - loadIPPluginJar : add openamp
2025-06-20 10:30:12,687 [INFO] IPUIPlugin:80 - create IPUIPlugin
2025-06-20 10:30:12,687 [INFO] PluginManager:220 - loadIPPluginJar : add stm32_wpan
2025-06-20 10:30:12,692 [INFO] IPUIPlugin:80 - create IPUIPlugin
2025-06-20 10:30:12,695 [INFO] PluginManager:220 - loadIPPluginJar : add plateformsettings
2025-06-20 10:30:12,698 [INFO] IPUIPlugin:80 - create IPUIPlugin
2025-06-20 10:30:12,699 [INFO] PluginManager:220 - loadIPPluginJar : add ipddr
2025-06-20 10:30:12,701 [INFO] IPUIPlugin:80 - create IPUIPlugin
2025-06-20 10:30:12,701 [INFO] PluginManager:220 - loadIPPluginJar : add usart
2025-06-20 10:30:12,702 [INFO] IPUIPlugin:80 - create IPUIPlugin
2025-06-20 10:30:12,702 [INFO] PluginManager:220 - loadIPPluginJar : add ltdc
2025-06-20 10:30:12,705 [INFO] IPUIPlugin:80 - create IPUIPlugin
2025-06-20 10:30:12,705 [INFO] PluginManager:220 - loadIPPluginJar : add nvic
2025-06-20 10:30:12,706 [INFO] IPUIPlugin:80 - create IPUIPlugin
2025-06-20 10:30:12,707 [INFO] PluginManager:220 - loadIPPluginJar : add fatfs
2025-06-20 10:30:12,715 [INFO] IPUIPlugin:80 - create IPUIPlugin
2025-06-20 10:30:12,715 [INFO] PluginManager:220 - loadIPPluginJar : add linkedlist
2025-06-20 10:30:12,722 [INFO] IPUIPlugin:80 - create IPUIPlugin
2025-06-20 10:30:12,722 [INFO] PluginManager:220 - loadIPPluginJar : add dma
2025-06-20 10:30:12,726 [INFO] IPUIPlugin:80 - create IPUIPlugin
2025-06-20 10:30:12,726 [INFO] PluginManager:220 - loadIPPluginJar : add fmc
2025-06-20 10:30:12,728 [INFO] IPUIPlugin:80 - create IPUIPlugin
2025-06-20 10:30:12,728 [INFO] PluginManager:220 - loadIPPluginJar : add i2s
2025-06-20 10:30:12,730 [INFO] IPUIPlugin:80 - create IPUIPlugin
2025-06-20 10:30:12,730 [INFO] PluginManager:220 - loadIPPluginJar : add ucpd
2025-06-20 10:30:12,733 [INFO] IPUIPlugin:80 - create IPUIPlugin
2025-06-20 10:30:12,733 [INFO] PluginManager:220 - loadIPPluginJar : add lorawan
2025-06-20 10:30:12,736 [INFO] IPUIPlugin:80 - create IPUIPlugin
2025-06-20 10:30:12,736 [INFO] PluginManager:220 - loadIPPluginJar : add opamp
2025-06-20 10:30:12,738 [INFO] IPUIPlugin:80 - create IPUIPlugin
2025-06-20 10:30:12,738 [INFO] PluginManager:220 - loadIPPluginJar : add i3c
2025-06-20 10:30:12,741 [INFO] IPUIPlugin:80 - create IPUIPlugin
2025-06-20 10:30:12,742 [INFO] PluginManager:220 - loadIPPluginJar : add touchsensing
2025-06-20 10:30:12,746 [INFO] IPUIPlugin:80 - create IPUIPlugin
2025-06-20 10:30:12,746 [INFO] PluginManager:220 - loadIPPluginJar : add i2c
2025-06-20 10:30:12,749 [INFO] IPUIPlugin:80 - create IPUIPlugin
2025-06-20 10:30:12,749 [INFO] PluginManager:220 - loadIPPluginJar : add resmgrutility
2025-06-20 10:30:12,752 [INFO] IPUIPlugin:80 - create IPUIPlugin
2025-06-20 10:30:12,752 [INFO] PluginManager:220 - loadIPPluginJar : add sai
2025-06-20 10:30:12,755 [INFO] IPUIPlugin:80 - create IPUIPlugin
2025-06-20 10:30:12,755 [INFO] PluginManager:220 - loadIPPluginJar : add usbx
2025-06-20 10:30:12,893 [FATAL] Updater:351 - Updater called before beeing initialized
2025-06-20 10:30:12,972 [INFO] RulesReader:64 - Compatibility file has been processed (301 Rules)
2025-06-20 10:30:12,995 [INFO] RulesReader:64 - Compatibility file has been processed (301 Rules)
2025-06-20 10:30:13,026 [INFO] CADModel:165 - CPN selected for project level
2025-06-20 10:30:13,026 [INFO] CADModel:114 - Register for checkConnection events
2025-06-20 10:30:13,026 [FATAL] Updater:351 - Updater called before beeing initialized
2025-06-20 10:30:13,026 [ERROR] CADModel:125 - Updater not yet initialized, retry later 
2025-06-20 10:30:13,390 [FATAL] Updater:351 - Updater called before beeing initialized
2025-06-20 10:30:13,394 [INFO] CADModel:165 - CPN selected for project level
2025-06-20 10:30:13,394 [INFO] CADModel:114 - Register for checkConnection events
2025-06-20 10:30:13,394 [FATAL] Updater:351 - Updater called before beeing initialized
2025-06-20 10:30:13,394 [ERROR] CADModel:125 - Updater not yet initialized, retry later 
2025-06-20 10:30:13,402 [FATAL] Updater:351 - Updater called before beeing initialized
2025-06-20 10:30:13,736 [FATAL] Updater:351 - Updater called before beeing initialized
2025-06-20 10:30:13,744 [INFO] DbMcusAds:53 - JSON generation date=Wed May 07 14:37:55 IST 2025 (1746608875484)
2025-06-20 10:30:13,744 [FATAL] Updater:351 - Updater called before beeing initialized
2025-06-20 10:30:13,838 [WARN] DetailPanel:346 - Failed to get advertising image, set to default
2025-06-20 10:30:14,193 [FATAL] Updater:351 - Updater called before beeing initialized
2025-06-20 10:30:14,198 [FATAL] Updater:351 - Updater called before beeing initialized
2025-06-20 10:30:14,199 [FATAL] Updater:351 - Updater called before beeing initialized
2025-06-20 10:30:14,200 [WARN] DetailPanel:346 - Failed to get advertising image, set to default
2025-06-20 10:30:14,206 [FATAL] Updater:351 - Updater called before beeing initialized
2025-06-20 10:30:14,294 [ERROR] Updater:1198 - MainUpdater not yet initialized. External WinMGr cannot be set.
2025-06-20 10:30:14,297 [INFO] Updater:1134 - Updater Version found : 6.14.0
2025-06-20 10:30:14,319 [INFO] ApplicationProperties:184 - Using Application install path: /Applications/STM32CubeIDE.app/Contents/Eclipse/plugins/com.st.stm32cube.common.mx_6.14.0.202502271554
2025-06-20 10:30:14,754 [INFO] MainUpdater:2872 - connection check result : 10
2025-06-20 10:30:14,755 [INFO] MainUpdater:289 - Updater Check For Update Now.
2025-06-20 10:30:14,756 [INFO] MicroXplorer:498 - Change Database Version : DB.6.0.140
2025-06-20 10:30:14,766 [INFO] McuFinderGlobals:63 - Set McuFinder mode to 2 (CubeIDE integrated)
2025-06-20 10:30:14,772 [INFO] UserAuth:486 - Internet connection configuration mode: 1
2025-06-20 10:30:14,780 [WARN] MainUpdater:1193 - Updater busy. Cannot search thirdparties
2025-06-20 10:30:14,781 [INFO] ThirdPartyUpdaterWithRetryManager:96 - Updater plugin is busy. [1/15]
2025-06-20 10:30:14,792 [INFO] JxBrowserEngine:152 - Initiate JxBrowser Engine with user profile folder
2025-06-20 10:30:15,092 [INFO] CheckServerUpdateThread:120 - End of CheckServer Thread
2025-06-20 10:30:18,064 [WARN] PackLoader:240 - Cannot read IP mode file for STMicroelectronics.FP-SNS-MOTENVWB1.1.4.0
2025-06-20 10:30:18,101 [WARN] PackLoader:240 - Cannot read IP mode file for STMicroelectronics.FP-ATR-ASTRA1.2.0.2
2025-06-20 10:30:18,125 [WARN] PackLoader:240 - Cannot read IP mode file for STMicroelectronics.X-CUBE-SMBUS.2.1.0
2025-06-20 10:30:18,137 [WARN] PackLoader:240 - Cannot read IP mode file for STMicroelectronics.X-CUBE-ST60.1.0.0
2025-06-20 10:30:18,199 [WARN] PackLoader:240 - Cannot read IP mode file for STMicroelectronics.X-CUBE-AZRTOS-F7.1.1.0
2025-06-20 10:30:18,335 [WARN] PackLoader:240 - Cannot read IP mode file for Infineon.AIROC-Wi-Fi-Bluetooth-STM32.1.7.0
2025-06-20 10:30:18,406 [WARN] PackLoader:240 - Cannot read IP mode file for STMicroelectronics.X-CUBE-DISPLAY.3.0.0
2025-06-20 10:30:18,461 [WARN] PackLoader:240 - Cannot read IP mode file for STMicroelectronics.X-CUBE-NFC10.1.0.0
2025-06-20 10:30:18,493 [WARN] PackLoader:240 - Cannot read IP mode file for STMicroelectronics.X-CUBE-BLEMGR.4.0.0
2025-06-20 10:30:18,509 [WARN] PackLoader:240 - Cannot read IP mode file for emotas.I-CUBE-CANOPEN.1.3.0
2025-06-20 10:30:18,532 [WARN] ConditionMgr:438 - getConditionDescription Invalid condition id : Cortex-A Device cause : null
2025-06-20 10:30:18,576 [WARN] ConditionMgr:1044 - genDependencies : Invalid condition id : Cortex-A Device cause : null
2025-06-20 10:30:18,577 [WARN] ConditionMgr:1044 - genDependencies : Invalid condition id : Cortex-A Device cause : null
2025-06-20 10:30:18,577 [WARN] ConditionMgr:1044 - genDependencies : Invalid condition id : Cortex-A Device cause : null
2025-06-20 10:30:18,598 [WARN] PackLoader:240 - Cannot read IP mode file for STMicroelectronics.FP-SNS-SMARTAG2.1.2.0
2025-06-20 10:30:18,607 [WARN] PackLoader:240 - Cannot read IP mode file for STMicroelectronics.FP-SNS-FLIGHT1.5.1.0
2025-06-20 10:30:18,640 [INFO] LogOutputStream:77 - [STDOUT_REDIRECT] 1 : Invalid condition id : UX_CORESTACK_Condition cause : null
2025-06-20 10:30:18,642 [INFO] LogOutputStream:77 - [STDOUT_REDIRECT] 1 : Invalid condition id : UX_CORESTACK_Condition cause : null
2025-06-20 10:30:18,643 [INFO] LogOutputStream:77 - [STDOUT_REDIRECT] 1 : Invalid condition id : UX_CORESTACK_Condition cause : null
2025-06-20 10:30:18,644 [INFO] LogOutputStream:77 - [STDOUT_REDIRECT] 1 : Invalid condition id : UX_CORESTACK_Condition cause : null
2025-06-20 10:30:18,644 [INFO] LogOutputStream:77 - [STDOUT_REDIRECT] 1 : Invalid condition id : UX_CORESTACK_Condition cause : null
2025-06-20 10:30:18,657 [WARN] PackLoader:240 - Cannot read IP mode file for STMicroelectronics.X-CUBE-AZRTOS-WL.2.0.0
2025-06-20 10:30:18,677 [WARN] PackLoader:240 - Cannot read IP mode file for STMicroelectronics.FP-SNS-MOTENV1.5.0.0
2025-06-20 10:30:18,713 [WARN] PackLoader:240 - Cannot read IP mode file for WES.I-CUBE-Cesium.1.3.0
2025-06-20 10:30:18,729 [WARN] PackLoader:240 - Cannot read IP mode file for STMicroelectronics.X-CUBE-BLE2.3.3.0
2025-06-20 10:30:18,750 [WARN] PackLoader:240 - Cannot read IP mode file for STMicroelectronics.X-CUBE-NFC9.1.0.0
2025-06-20 10:30:18,767 [WARN] PackLoader:240 - Cannot read IP mode file for wolfSSL.I-CUBE-wolfSSL.5.8.0
2025-06-20 10:30:18,780 [WARN] PackLoader:240 - Cannot read IP mode file for STMicroelectronics.X-CUBE-BLE1.7.1.0
2025-06-20 10:30:18,790 [WARN] PackLoader:240 - Cannot read IP mode file for wolfSSL.I-CUBE-wolfMQTT.1.19.2
2025-06-20 10:30:18,799 [WARN] PackLoader:240 - Cannot read IP mode file for STMicroelectronics.X-CUBE-AI.10.1.0
2025-06-20 10:30:19,005 [WARN] PackLoader:240 - Cannot read IP mode file for STMicroelectronics.X-CUBE-MEMS1.11.2.0
2025-06-20 10:30:20,453 [WARN] PackLoader:240 - Cannot read IP mode file for STMicroelectronics.X-CUBE-AZRTOS-G0.1.1.0
2025-06-20 10:30:20,612 [WARN] PackLoader:240 - Cannot read IP mode file for STMicroelectronics.X-CUBE-SAFEA1.1.2.2
2025-06-20 10:30:20,671 [WARN] PackLoader:240 - Cannot read IP mode file for STMicroelectronics.X-CUBE-NFC4.3.0.0
2025-06-20 10:30:20,714 [WARN] PackLoader:240 - Cannot read IP mode file for EmbeddedOffice.I-CUBE-FS-RTOS.1.0.1
2025-06-20 10:30:20,797 [WARN] PackLoader:240 - Cannot read IP mode file for STMicroelectronics.X-CUBE-WB05N.2.0.0
2025-06-20 10:30:20,835 [WARN] PackLoader:240 - Cannot read IP mode file for wolfSSL.I-CUBE-wolfTPM.3.8.0
2025-06-20 10:30:20,857 [WARN] PackLoader:240 - Cannot read IP mode file for STMicroelectronics.X-CUBE-TCPP.4.2.0
2025-06-20 10:30:20,883 [WARN] PackLoader:240 - Cannot read IP mode file for RealThread.X-CUBE-RT-Thread_Nano.4.1.1
2025-06-20 10:30:20,890 [WARN] PackLoader:240 - Cannot read IP mode file for STMicroelectronics.FP-ATR-SIGFOX1.3.2.0
2025-06-20 10:30:20,901 [WARN] PackLoader:240 - Cannot read IP mode file for STMicroelectronics.X-CUBE-EEPRMA1.5.1.0
2025-06-20 10:30:20,912 [INFO] WebApp:169 - Instantiating new browser for Auth
2025-06-20 10:30:20,915 [WARN] PackLoader:240 - Cannot read IP mode file for ITTIA_DB.I-CUBE-ITTIADB.8.9.0
2025-06-20 10:30:20,972 [WARN] PackLoader:240 - Cannot read IP mode file for STMicroelectronics.X-CUBE-ST67W61.1.0.0
2025-06-20 10:30:21,108 [WARN] PackLoader:240 - Cannot read IP mode file for SEGGER.I-CUBE-embOS.1.3.1
2025-06-20 10:30:21,275 [WARN] PackLoader:240 - Cannot read IP mode file for STMicroelectronics.X-CUBE-ALGOBUILD.1.4.0
2025-06-20 10:30:21,579 [WARN] PackLoader:240 - Cannot read IP mode file for STMicroelectronics.X-CUBE-MEMS1.11.3.0
2025-06-20 10:30:22,038 [WARN] PackLoader:240 - Cannot read IP mode file for STMicroelectronics.X-CUBE-AZRTOS-F4.1.1.0
2025-06-20 10:30:22,067 [WARN] PackLoader:240 - Cannot read IP mode file for Avnet-IotConnect.X-CUBE-IoTC-DA16k-PMOD.1.0.0
2025-06-20 10:30:22,074 [WARN] PackLoader:240 - Cannot read IP mode file for STMicroelectronics.X-CUBE-ISPU.2.1.0
2025-06-20 10:30:22,126 [WARN] PackLoader:240 - Cannot read IP mode file for STMicroelectronics.X-CUBE-AZRTOS-L5.2.0.0
2025-06-20 10:30:22,158 [WARN] PackLoader:240 - Cannot read IP mode file for STMicroelectronics.X-CUBE-NFC6.3.1.0
2025-06-20 10:30:22,190 [WARN] PackLoader:240 - Cannot read IP mode file for STMicroelectronics.X-CUBE-FREERTOS.1.3.1
2025-06-20 10:30:22,206 [WARN] PackLoader:240 - Cannot read IP mode file for STMicroelectronics.X-CUBE-DPower.1.3.0
2025-06-20 10:30:22,250 [WARN] ConditionMgr:438 - getConditionDescription Invalid condition id : LAN8742 Phy interface Condition cause : null
2025-06-20 10:30:22,255 [WARN] PackLoader:240 - Cannot read IP mode file for STMicroelectronics.X-CUBE-AZRTOS-L4.2.0.0
2025-06-20 10:30:22,261 [WARN] ConditionMgr:1044 - genDependencies : Invalid condition id : LAN8742 Phy interface Condition cause : null
2025-06-20 10:30:22,262 [WARN] ConditionMgr:1044 - genDependencies : Invalid condition id : LAN8742 Phy interface Condition cause : null
2025-06-20 10:30:22,265 [WARN] ConditionMgr:1044 - genDependencies : Invalid condition id : LAN8742 Phy interface Condition cause : null
2025-06-20 10:30:22,289 [WARN] PackLoader:240 - Cannot read IP mode file for STMicroelectronics.X-CUBE-SFXS2LP1.4.0.0
2025-06-20 10:30:22,346 [WARN] PackLoader:240 - Cannot read IP mode file for STMicroelectronics.X-CUBE-AZRTOS-H7.3.3.0
2025-06-20 10:30:22,400 [WARN] ConditionMgr:438 - getConditionDescription Invalid condition id : UX DEVICE CLASS RTOS Condition cause : null
2025-06-20 10:30:22,400 [WARN] ConditionMgr:438 - getConditionDescription Invalid condition id : UX DEVICE CLASS RTOS Condition cause : null
2025-06-20 10:30:22,410 [WARN] PackLoader:240 - Cannot read IP mode file for STMicroelectronics.X-CUBE-AZRTOS-WB.2.0.0
2025-06-20 10:30:22,414 [WARN] ConditionMgr:1044 - genDependencies : Invalid condition id : UX DEVICE CLASS RTOS Condition cause : null
2025-06-20 10:30:22,414 [WARN] ConditionMgr:1044 - genDependencies : Invalid condition id : UX DEVICE CLASS RTOS Condition cause : null
2025-06-20 10:30:22,417 [WARN] ConditionMgr:1044 - genDependencies : Invalid condition id : UX DEVICE CLASS RTOS Condition cause : null
2025-06-20 10:30:22,418 [WARN] ConditionMgr:1044 - genDependencies : Invalid condition id : UX DEVICE CLASS RTOS Condition cause : null
2025-06-20 10:30:22,418 [WARN] ConditionMgr:1044 - genDependencies : Invalid condition id : UX DEVICE CLASS RTOS Condition cause : null
2025-06-20 10:30:22,440 [WARN] PackLoader:240 - Cannot read IP mode file for STMicroelectronics.X-CUBE-GNSS1.7.0.1
2025-06-20 10:30:22,447 [WARN] PackLoader:240 - Cannot read IP mode file for STMicroelectronics.X-CUBE-TOUCHGFX.4.25.0
2025-06-20 10:30:23,060 [WARN] PackLoader:240 - Cannot read IP mode file for STMicroelectronics.FP-SNS-STBOX1.2.0.0
2025-06-20 10:30:23,256 [WARN] PackLoader:240 - Cannot read IP mode file for STMicroelectronics.X-CUBE-SUBG2.5.0.0
2025-06-20 10:30:23,362 [WARN] PackLoader:240 - Cannot read IP mode file for STMicroelectronics.X-CUBE-AZRTOS-H7RS.1.1.0
2025-06-20 10:30:23,387 [WARN] PackLoader:240 - Cannot read IP mode file for Cesanta.I-CUBE-Mongoose.7.13.0
2025-06-20 10:30:23,421 [WARN] PackLoader:240 - Cannot read IP mode file for STMicroelectronics.X-CUBE-AZRTOS-G4.2.0.0
2025-06-20 10:30:23,433 [WARN] PackLoader:240 - Cannot read IP mode file for wolfSSL.I-CUBE-wolfSSH.1.4.20
2025-06-20 10:30:23,442 [WARN] PackLoader:240 - Cannot read IP mode file for STMicroelectronics.X-CUBE-NFC7.2.0.0
2025-06-20 10:30:23,474 [WARN] PackLoader:240 - Cannot read IP mode file for STMicroelectronics.X-CUBE-IPS.3.1.0
2025-06-20 10:30:23,499 [WARN] PackLoader:240 - Cannot read IP mode file for STMicroelectronics.X-CUBE-ALS.1.0.2
2025-06-20 10:30:23,507 [WARN] PackLoader:240 - Cannot read IP mode file for portGmbH.I-Cube-SoM-uGOAL.1.1.0
2025-06-20 10:30:23,526 [WARN] PackLoader:240 - Cannot read IP mode file for STMicroelectronics.X-CUBE-TOF1.3.4.3
2025-06-20 10:30:23,555 [INFO] ThirdParty:978 - Integrity check success = true
2025-06-20 10:30:23,555 [INFO] IntegrityCheckThread:100 - exiting critical section [integrity check]
2025-06-20 10:30:23,555 [INFO] IntegrityCheckThread:103 - End integrity checks thread
2025-06-20 10:30:24,442 [INFO] WebApp:463 - Apply proxy settings
2025-06-20 10:30:24,477 [INFO] WebApp:508 - Chromium authenticates against Manually configured proxy
2025-06-20 10:30:24,503 [INFO] WebApp:516 - Username used for proxy authentication: 
2025-06-20 10:30:24,595 [INFO] WebApp:894 - Register for checkConnection events
2025-06-20 10:30:24,597 [INFO] WebApp:463 - Apply proxy settings
2025-06-20 10:30:24,605 [INFO] WebApp:508 - Chromium authenticates against Manually configured proxy
2025-06-20 10:30:24,606 [INFO] WebApp:516 - Username used for proxy authentication: 
2025-06-20 10:30:25,042 [INFO] WebApp:225 - Starting web application
2025-06-20 10:30:25,043 [INFO] WebApp:593 - Web application path used /Applications/STM32CubeIDE.app/Contents/Eclipse/plugins/com.st.stm32cube.common.mx_6.14.0.202502271554/db/plugins/mcufinder/reactClient1/index.html
2025-06-20 10:30:26,022 [INFO] WebApp:191 - Connection restablished
2025-06-20 10:30:27,267 [INFO] UserAuth:486 - Internet connection configuration mode: 1
2025-06-20 11:09:09,327 [ERROR] LogOutputStream:75 - [STDERR_REDIRECT] 
